<?xml version="1.0" encoding="UTF-8"?>
<robot generator="Robot 7.2.2 (Python 3.12.8 on darwin)" generated="2025-06-09T22:26:19.428530" rpa="false" schemaversion="5">
<suite id="s1" name="RobotFramework" source="/Users/volodymyrkononets/RobotFramework">
<suite id="s1-s1" name="Tests" source="/Users/volodymyrkononets/RobotFramework/tests">
<suite id="s1-s1-s1" name="testDemo6" source="/Users/volodymyrkononets/RobotFramework/tests/testDemo6.robot">
<test id="s1-s1-s1-t1" name="Validate UnSuccessful Login" line="23">
<kw name="open the browser with the url" owner="Generic" type="SETUP">
<kw name="Create Webdriver" owner="SeleniumLibrary">
<msg time="2025-06-09T22:26:19.522793" level="INFO">Creating an instance of the Chrome WebDriver.</msg>
<arg>${browser_name}</arg>
<arg>${browser_name}</arg>
<doc>Creates an instance of Selenium WebDriver.</doc>
<status status="PASS" start="2025-06-09T22:26:19.522697" elapsed="3.702548"/>
</kw>
<kw name="Go To" owner="SeleniumLibrary">
<msg time="2025-06-09T22:26:23.227627" level="INFO">Opening url 'https://rahulshettyacademy.com/loginpagePractise/'</msg>
<arg>${url}</arg>
<doc>Navigates the current browser window to the provided ``url``.</doc>
<status status="PASS" start="2025-06-09T22:26:23.226327" elapsed="1.124034"/>
</kw>
<status status="PASS" start="2025-06-09T22:26:19.522402" elapsed="4.828250"/>
</kw>
<kw name="Fill the login Form" owner="LandingPage">
<kw name="Input Text" owner="SeleniumLibrary">
<msg time="2025-06-09T22:26:24.353410" level="INFO">Typing text 'rahulshettyacademy' into text field 'id:username'.</msg>
<msg time="2025-06-09T22:26:25.208118" level="INFO" html="true">&lt;/td&gt;&lt;/tr&gt;&lt;tr&gt;&lt;td colspan="3"&gt;&lt;a href="selenium-screenshot-21.png"&gt;&lt;img src="selenium-screenshot-21.png" width="800px"&gt;&lt;/a&gt;</msg>
<msg time="2025-06-09T22:26:25.208653" level="FAIL">Element with locator 'id:username' not found.</msg>
<arg>id:username</arg>
<arg>${username}</arg>
<doc>Types the given ``text`` into the text field identified by ``locator``.</doc>
<status status="FAIL" start="2025-06-09T22:26:24.352827" elapsed="0.862356">Element with locator 'id:username' not found.</status>
</kw>
<kw name="Input Password" owner="SeleniumLibrary">
<arg>id:password</arg>
<arg>${password}</arg>
<doc>Types the given password into the text field identified by ``locator``.</doc>
<status status="NOT RUN" start="2025-06-09T22:26:25.215297" elapsed="0.000019"/>
</kw>
<kw name="Click Button" owner="SeleniumLibrary">
<arg>signInBtn</arg>
<doc>Clicks the button identified by ``locator``.</doc>
<status status="NOT RUN" start="2025-06-09T22:26:25.215362" elapsed="0.000010"/>
</kw>
<arg>${user_name}</arg>
<arg>${invalid_password}</arg>
<status status="FAIL" start="2025-06-09T22:26:24.351926" elapsed="0.863517">Element with locator 'id:username' not found.</status>
</kw>
<kw name="wait until Element is located in the page" owner="LandingPage">
<status status="NOT RUN" start="2025-06-09T22:26:25.215563" elapsed="0.000013"/>
</kw>
<kw name="verify error message is correct" owner="LandingPage">
<status status="NOT RUN" start="2025-06-09T22:26:25.215636" elapsed="0.000011"/>
</kw>
<kw name="Close Browser session" owner="Generic" type="TEARDOWN">
<kw name="Close Browser" owner="SeleniumLibrary">
<doc>Closes the current browser.</doc>
<status status="PASS" start="2025-06-09T22:26:25.215898" elapsed="0.084192"/>
</kw>
<status status="PASS" start="2025-06-09T22:26:25.215784" elapsed="0.084378"/>
</kw>
<tag>REGRESSION</tag>
<tag>SMOKE</tag>
<status status="FAIL" start="2025-06-09T22:26:19.522108" elapsed="5.778120">Element with locator 'id:username' not found.</status>
</test>
<test id="s1-s1-s1-t2" name="End to end ecommerce Product validation" line="31">
<kw name="open the browser with the url" owner="Generic" type="SETUP">
<kw name="Create Webdriver" owner="SeleniumLibrary">
<msg time="2025-06-09T22:26:25.300916" level="INFO">Creating an instance of the Chrome WebDriver.</msg>
<arg>${browser_name}</arg>
<arg>${browser_name}</arg>
<doc>Creates an instance of Selenium WebDriver.</doc>
<status status="PASS" start="2025-06-09T22:26:25.300803" elapsed="1.041181"/>
</kw>
<kw name="Go To" owner="SeleniumLibrary">
<msg time="2025-06-09T22:26:26.349120" level="INFO">Opening url 'https://rahulshettyacademy.com/loginpagePractise/'</msg>
<arg>${url}</arg>
<doc>Navigates the current browser window to the provided ``url``.</doc>
<status status="PASS" start="2025-06-09T22:26:26.344197" elapsed="1.461452"/>
</kw>
<status status="PASS" start="2025-06-09T22:26:25.300674" elapsed="2.505539"/>
</kw>
<kw name="Fill the login Form" owner="LandingPage">
<kw name="Input Text" owner="SeleniumLibrary">
<msg time="2025-06-09T22:26:27.808944" level="INFO">Typing text 'rahulshettyacademy' into text field 'id:username'.</msg>
<arg>id:username</arg>
<arg>${username}</arg>
<doc>Types the given ``text`` into the text field identified by ``locator``.</doc>
<status status="PASS" start="2025-06-09T22:26:27.808629" elapsed="0.161483"/>
</kw>
<kw name="Input Password" owner="SeleniumLibrary">
<msg time="2025-06-09T22:26:27.970468" level="INFO">Typing password into text field 'id:password'.</msg>
<msg time="2025-06-09T22:26:28.006455" level="INFO">Temporally setting log level to: NONE</msg>
<arg>id:password</arg>
<arg>${password}</arg>
<doc>Types the given password into the text field identified by ``locator``.</doc>
<status status="PASS" start="2025-06-09T22:26:27.970275" elapsed="0.061486"/>
</kw>
<kw name="Click Button" owner="SeleniumLibrary">
<msg time="2025-06-09T22:26:28.032655" level="INFO">Clicking button 'signInBtn'.</msg>
<arg>signInBtn</arg>
<doc>Clicks the button identified by ``locator``.</doc>
<status status="PASS" start="2025-06-09T22:26:28.031927" elapsed="0.043097"/>
</kw>
<arg>${user_name}</arg>
<arg>${valid_password}</arg>
<status status="PASS" start="2025-06-09T22:26:27.807515" elapsed="0.267575"/>
</kw>
<kw name="wait until Element is located in the page" owner="ShopPage">
<kw name="Wait Until element passed is located on Page" owner="Generic">
<kw name="Wait Until Element Is Visible" owner="SeleniumLibrary">
<arg>${page_locator}</arg>
<arg>timeout=10</arg>
<doc>Waits until the element ``locator`` is visible.</doc>
<status status="PASS" start="2025-06-09T22:26:28.075510" elapsed="5.419577"/>
</kw>
<arg>${Shop_page_load}</arg>
<status status="PASS" start="2025-06-09T22:26:28.075362" elapsed="5.420266"/>
</kw>
<status status="PASS" start="2025-06-09T22:26:28.075229" elapsed="5.420456"/>
</kw>
<kw name="Verify Card titles in the Shop page" owner="ShopPage">
<kw name="Create List" owner="BuiltIn">
<msg time="2025-06-09T22:26:33.497433" level="INFO">@{expectedList} = [ iphone X | Samsung Note 8 | Nokia Edge | Blackberry ]</msg>
<var>@{expectedList}</var>
<arg>iphone X</arg>
<arg>Samsung Note 8</arg>
<arg>Nokia Edge</arg>
<arg>Blackberry</arg>
<doc>Returns a list containing given items.</doc>
<status status="PASS" start="2025-06-09T22:26:33.497115" elapsed="0.000343"/>
</kw>
<kw name="Get WebElements" owner="SeleniumLibrary">
<msg time="2025-06-09T22:26:33.503265" level="INFO">${elements} = [&lt;selenium.webdriver.remote.webelement.WebElement (session="6b7c87ff922ebdeeb4a3b8cef678499f", element="f.E41E352F42766C09BD44CAF0CBC2DF6B.d.EEBF9FA89A2E16923A06DD28CF87A6ED.e.62")&gt;, &lt;selenium.webdriv...</msg>
<var>${elements}</var>
<arg>css:.card-title</arg>
<doc>Returns a list of WebElement objects matching the ``locator``.</doc>
<status status="PASS" start="2025-06-09T22:26:33.497575" elapsed="0.005716"/>
</kw>
<kw name="Create List" owner="BuiltIn">
<msg time="2025-06-09T22:26:33.503449" level="INFO">@{actualList} = [ ]</msg>
<var>@{actualList}</var>
<doc>Returns a list containing given items.</doc>
<status status="PASS" start="2025-06-09T22:26:33.503371" elapsed="0.000092"/>
</kw>
<for flavor="IN">
<iter>
<kw name="Log" owner="BuiltIn">
<msg time="2025-06-09T22:26:33.516783" level="INFO">iphone X</msg>
<arg>${element.text}</arg>
<doc>Logs the given message with the given level.</doc>
<status status="PASS" start="2025-06-09T22:26:33.503761" elapsed="0.013067"/>
</kw>
<kw name="Append To List" owner="Collections">
<arg>${actualList}</arg>
<arg>${element.text}</arg>
<doc>Adds ``values`` to the end of ``list``.</doc>
<status status="PASS" start="2025-06-09T22:26:33.516991" elapsed="0.004522"/>
</kw>
<var name="${element}">&lt;selenium.webdriver.remote.webelement.WebElement (session="6b7c87ff922ebdeeb4a3b8cef678499f", element="f.E41E352F42766C09BD44CAF0CBC2DF6B.d.EEBF9FA89A2E16923A06DD28CF87A6ED.e.62")&gt;</var>
<status status="PASS" start="2025-06-09T22:26:33.503686" elapsed="0.018047"/>
</iter>
<iter>
<kw name="Log" owner="BuiltIn">
<msg time="2025-06-09T22:26:33.525631" level="INFO">Samsung Note 8</msg>
<arg>${element.text}</arg>
<doc>Logs the given message with the given level.</doc>
<status status="PASS" start="2025-06-09T22:26:33.522022" elapsed="0.003645"/>
</kw>
<kw name="Append To List" owner="Collections">
<arg>${actualList}</arg>
<arg>${element.text}</arg>
<doc>Adds ``values`` to the end of ``list``.</doc>
<status status="PASS" start="2025-06-09T22:26:33.525758" elapsed="0.004054"/>
</kw>
<var name="${element}">&lt;selenium.webdriver.remote.webelement.WebElement (session="6b7c87ff922ebdeeb4a3b8cef678499f", element="f.E41E352F42766C09BD44CAF0CBC2DF6B.d.EEBF9FA89A2E16923A06DD28CF87A6ED.e.63")&gt;</var>
<status status="PASS" start="2025-06-09T22:26:33.521941" elapsed="0.007923"/>
</iter>
<iter>
<kw name="Log" owner="BuiltIn">
<msg time="2025-06-09T22:26:33.533589" level="INFO">Nokia Edge</msg>
<arg>${element.text}</arg>
<doc>Logs the given message with the given level.</doc>
<status status="PASS" start="2025-06-09T22:26:33.530126" elapsed="0.003495"/>
</kw>
<kw name="Append To List" owner="Collections">
<arg>${actualList}</arg>
<arg>${element.text}</arg>
<doc>Adds ``values`` to the end of ``list``.</doc>
<status status="PASS" start="2025-06-09T22:26:33.533701" elapsed="0.004183"/>
</kw>
<var name="${element}">&lt;selenium.webdriver.remote.webelement.WebElement (session="6b7c87ff922ebdeeb4a3b8cef678499f", element="f.E41E352F42766C09BD44CAF0CBC2DF6B.d.EEBF9FA89A2E16923A06DD28CF87A6ED.e.64")&gt;</var>
<status status="PASS" start="2025-06-09T22:26:33.529984" elapsed="0.007957"/>
</iter>
<iter>
<kw name="Log" owner="BuiltIn">
<msg time="2025-06-09T22:26:33.541818" level="INFO">Blackberry</msg>
<arg>${element.text}</arg>
<doc>Logs the given message with the given level.</doc>
<status status="PASS" start="2025-06-09T22:26:33.538187" elapsed="0.003679"/>
</kw>
<kw name="Append To List" owner="Collections">
<arg>${actualList}</arg>
<arg>${element.text}</arg>
<doc>Adds ``values`` to the end of ``list``.</doc>
<status status="PASS" start="2025-06-09T22:26:33.541975" elapsed="0.005589"/>
</kw>
<var name="${element}">&lt;selenium.webdriver.remote.webelement.WebElement (session="6b7c87ff922ebdeeb4a3b8cef678499f", element="f.E41E352F42766C09BD44CAF0CBC2DF6B.d.EEBF9FA89A2E16923A06DD28CF87A6ED.e.65")&gt;</var>
<status status="PASS" start="2025-06-09T22:26:33.538089" elapsed="0.009523"/>
</iter>
<var>${element}</var>
<value>@{elements}</value>
<status status="PASS" start="2025-06-09T22:26:33.503539" elapsed="0.044106"/>
</for>
<kw name="Lists Should Be Equal" owner="Collections">
<arg>${expectedList}</arg>
<arg>${actualList}</arg>
<doc>Fails if given lists are unequal.</doc>
<status status="PASS" start="2025-06-09T22:26:33.547767" elapsed="0.000227"/>
</kw>
<status status="PASS" start="2025-06-09T22:26:33.496579" elapsed="0.051460"/>
</kw>
<kw name="Add Items To Cart And Checkout" owner="Shop">
<msg time="2025-06-09T22:26:33.565168" level="INFO">Clicking button 'xpath:(//*[@class='card-footer'])[3]/button'.</msg>
<msg time="2025-06-09T22:26:33.608899" level="INFO">Clicking button 'xpath:(//*[@class='card-footer'])[4]/button'.</msg>
<msg time="2025-06-09T22:26:33.636130" level="INFO">Clicking link 'css:li.active a'.</msg>
<arg>${listofProducts}</arg>
<status status="PASS" start="2025-06-09T22:26:33.548164" elapsed="0.126787"/>
</kw>
<kw name="Verify items in the Checkout Page and proceed" owner="CheckoutPage">
<kw name="Click Element" owner="SeleniumLibrary">
<msg time="2025-06-09T22:26:33.675522" level="INFO">Clicking element 'css:.btn-success'.</msg>
<arg>css:.btn-success</arg>
<doc>Click the element identified by ``locator``.</doc>
<status status="PASS" start="2025-06-09T22:26:33.675412" elapsed="0.028541"/>
</kw>
<status status="PASS" start="2025-06-09T22:26:33.675210" elapsed="0.028817"/>
</kw>
<kw name="Enter the Country and select the terms" owner="ConfirmationPage">
<kw name="Input Text" owner="SeleniumLibrary">
<msg time="2025-06-09T22:26:33.704510" level="INFO">Typing text 'India' into text field 'country'.</msg>
<arg>country</arg>
<arg>${country_name}</arg>
<doc>Types the given ``text`` into the text field identified by ``locator``.</doc>
<status status="PASS" start="2025-06-09T22:26:33.704389" elapsed="0.030798"/>
</kw>
<kw name="Wait Until element passed is located on Page" owner="Generic">
<kw name="Wait Until Element Is Visible" owner="SeleniumLibrary">
<arg>${page_locator}</arg>
<arg>timeout=10</arg>
<doc>Waits until the element ``locator`` is visible.</doc>
<status status="PASS" start="2025-06-09T22:26:33.735584" elapsed="5.179016"/>
</kw>
<arg>//a[text()='${country_name}']</arg>
<status status="PASS" start="2025-06-09T22:26:33.735341" elapsed="5.180071"/>
</kw>
<kw name="Click Element" owner="SeleniumLibrary">
<msg time="2025-06-09T22:26:38.917079" level="INFO">Clicking element '//a[text()='India']'.</msg>
<arg>//a[text()='${country_name}']</arg>
<doc>Click the element identified by ``locator``.</doc>
<status status="PASS" start="2025-06-09T22:26:38.916148" elapsed="0.032029"/>
</kw>
<kw name="Sleep" owner="BuiltIn">
<msg time="2025-06-09T22:26:40.950047" level="INFO">Slept 2 seconds.</msg>
<arg>2</arg>
<doc>Pauses the test executed for the given time.</doc>
<status status="PASS" start="2025-06-09T22:26:38.948340" elapsed="2.007514"/>
</kw>
<kw name="Click Element" owner="SeleniumLibrary">
<msg time="2025-06-09T22:26:40.957401" level="INFO">Clicking element 'css:.checkbox label'.</msg>
<arg>css:.checkbox label</arg>
<doc>Click the element identified by ``locator``.</doc>
<status status="PASS" start="2025-06-09T22:26:40.956825" elapsed="0.047218"/>
</kw>
<arg>${country_name}</arg>
<status status="PASS" start="2025-06-09T22:26:33.704183" elapsed="7.300001"/>
</kw>
<kw name="Purchase the Product and Confirm the Purchase" owner="ConfirmationPage">
<kw name="Click Button" owner="SeleniumLibrary">
<msg time="2025-06-09T22:26:41.005002" level="INFO">Clicking button 'css:.btn-success'.</msg>
<arg>css:.btn-success</arg>
<doc>Clicks the button identified by ``locator``.</doc>
<status status="PASS" start="2025-06-09T22:26:41.004861" elapsed="0.034607"/>
</kw>
<kw name="Page Should Contain" owner="SeleniumLibrary">
<msg time="2025-06-09T22:26:41.055637" level="INFO">Current page contains text 'Success!'.</msg>
<arg>Success!</arg>
<doc>Verifies that current page contains ``text``.</doc>
<status status="PASS" start="2025-06-09T22:26:41.040370" elapsed="0.015407"/>
</kw>
<status status="PASS" start="2025-06-09T22:26:41.004589" elapsed="0.051281"/>
</kw>
<kw name="Close Browser session" owner="Generic" type="TEARDOWN">
<kw name="Close Browser" owner="SeleniumLibrary">
<doc>Closes the current browser.</doc>
<status status="PASS" start="2025-06-09T22:26:41.056712" elapsed="0.088345"/>
</kw>
<status status="PASS" start="2025-06-09T22:26:41.056395" elapsed="0.088777"/>
</kw>
<tag>REGRESSION</tag>
<status status="PASS" start="2025-06-09T22:26:25.300448" elapsed="15.844884"/>
</test>
<test id="s1-s1-s1-t3" name="Select the Form and navigate to Child window" line="43">
<kw name="open the browser with the url" owner="Generic" type="SETUP">
<kw name="Create Webdriver" owner="SeleniumLibrary">
<msg time="2025-06-09T22:26:41.146919" level="INFO">Creating an instance of the Chrome WebDriver.</msg>
<arg>${browser_name}</arg>
<arg>${browser_name}</arg>
<doc>Creates an instance of Selenium WebDriver.</doc>
<status status="PASS" start="2025-06-09T22:26:41.146751" elapsed="1.320326"/>
</kw>
<kw name="Go To" owner="SeleniumLibrary">
<msg time="2025-06-09T22:26:42.475170" level="INFO">Opening url 'https://rahulshettyacademy.com/loginpagePractise/'</msg>
<arg>${url}</arg>
<doc>Navigates the current browser window to the provided ``url``.</doc>
<status status="PASS" start="2025-06-09T22:26:42.472672" elapsed="1.108788"/>
</kw>
<status status="PASS" start="2025-06-09T22:26:41.146538" elapsed="2.437348"/>
</kw>
<kw name="Fill the Login Details and Login Form" owner="LandingPage">
<kw name="Input Text" owner="SeleniumLibrary">
<msg time="2025-06-09T22:26:43.592028" level="INFO">Typing text 'rahulshettyacademy' into text field 'id:username'.</msg>
<msg time="2025-06-09T22:26:44.325321" level="INFO" html="true">&lt;/td&gt;&lt;/tr&gt;&lt;tr&gt;&lt;td colspan="3"&gt;&lt;a href="selenium-screenshot-22.png"&gt;&lt;img src="selenium-screenshot-22.png" width="800px"&gt;&lt;/a&gt;</msg>
<msg time="2025-06-09T22:26:44.325847" level="FAIL">Element with locator 'id:username' not found.</msg>
<arg>id:username</arg>
<arg>rahulshettyacademy</arg>
<doc>Types the given ``text`` into the text field identified by ``locator``.</doc>
<status status="FAIL" start="2025-06-09T22:26:43.591698" elapsed="0.738462">Element with locator 'id:username' not found.</status>
</kw>
<kw name="Input Password" owner="SeleniumLibrary">
<arg>id:password</arg>
<arg>learning</arg>
<doc>Types the given password into the text field identified by ``locator``.</doc>
<status status="NOT RUN" start="2025-06-09T22:26:44.330319" elapsed="0.000022"/>
</kw>
<kw name="Click Element" owner="SeleniumLibrary">
<arg>css:input[value='user']</arg>
<doc>Click the element identified by ``locator``.</doc>
<status status="NOT RUN" start="2025-06-09T22:26:44.330383" elapsed="0.000009"/>
</kw>
<kw name="Wait Until Element Is Visible" owner="SeleniumLibrary">
<arg>css:.modal-body</arg>
<doc>Waits until the element ``locator`` is visible.</doc>
<status status="NOT RUN" start="2025-06-09T22:26:44.330428" elapsed="0.000008"/>
</kw>
<kw name="Click Button" owner="SeleniumLibrary">
<arg>id:okayBtn</arg>
<doc>Clicks the button identified by ``locator``.</doc>
<status status="NOT RUN" start="2025-06-09T22:26:44.330466" elapsed="0.000007"/>
</kw>
<kw name="Click Button" owner="SeleniumLibrary">
<arg>id:okayBtn</arg>
<doc>Clicks the button identified by ``locator``.</doc>
<status status="NOT RUN" start="2025-06-09T22:26:44.330508" elapsed="0.000008"/>
</kw>
<kw name="Click Button" owner="SeleniumLibrary">
<arg>id:okayBtn</arg>
<doc>Clicks the button identified by ``locator``.</doc>
<status status="NOT RUN" start="2025-06-09T22:26:44.330543" elapsed="0.000006"/>
</kw>
<kw name="Click Button" owner="SeleniumLibrary">
<arg>id:okayBtn</arg>
<doc>Clicks the button identified by ``locator``.</doc>
<status status="NOT RUN" start="2025-06-09T22:26:44.330574" elapsed="0.000006"/>
</kw>
<kw name="Click Button" owner="SeleniumLibrary">
<arg>id:okayBtn</arg>
<doc>Clicks the button identified by ``locator``.</doc>
<status status="NOT RUN" start="2025-06-09T22:26:44.330606" elapsed="0.000006"/>
</kw>
<kw name="Wait Until Element Is Not Visible" owner="SeleniumLibrary">
<arg>css:.modal-body</arg>
<doc>Waits until the element ``locator`` is not visible.</doc>
<status status="NOT RUN" start="2025-06-09T22:26:44.330640" elapsed="0.000006"/>
</kw>
<kw name="Select From List By Value" owner="SeleniumLibrary">
<arg>css:select.form-control</arg>
<arg>teach</arg>
<doc>Selects options from selection list ``locator`` by ``values``.</doc>
<status status="NOT RUN" start="2025-06-09T22:26:44.330678" elapsed="0.000006"/>
</kw>
<kw name="Select Checkbox" owner="SeleniumLibrary">
<arg>terms</arg>
<doc>Selects the checkbox identified by ``locator``.</doc>
<status status="NOT RUN" start="2025-06-09T22:26:44.330710" elapsed="0.000006"/>
</kw>
<kw name="Checkbox Should Be Selected" owner="SeleniumLibrary">
<arg>terms</arg>
<doc>Verifies checkbox ``locator`` is selected/checked.</doc>
<status status="NOT RUN" start="2025-06-09T22:26:44.330745" elapsed="0.000007"/>
</kw>
<status status="FAIL" start="2025-06-09T22:26:43.591136" elapsed="0.739680">Element with locator 'id:username' not found.</status>
</kw>
<kw name="Close Browser session" owner="Generic" type="TEARDOWN">
<kw name="Close Browser" owner="SeleniumLibrary">
<doc>Closes the current browser.</doc>
<status status="PASS" start="2025-06-09T22:26:44.331094" elapsed="0.069107"/>
</kw>
<status status="PASS" start="2025-06-09T22:26:44.330975" elapsed="0.069290"/>
</kw>
<status status="FAIL" start="2025-06-09T22:26:41.146093" elapsed="3.254229">Element with locator 'id:username' not found.</status>
</test>
<doc>All the page objects and keywords of landing page</doc>
<status status="FAIL" start="2025-06-09T22:26:19.442738" elapsed="24.958221"/>
</suite>
<status status="FAIL" start="2025-06-09T22:26:19.442420" elapsed="24.959006"/>
</suite>
<status status="FAIL" start="2025-06-09T22:26:19.429261" elapsed="24.972332"/>
</suite>
<statistics>
<total>
<stat pass="1" fail="2" skip="0">All Tests</stat>
</total>
<tag>
<stat pass="1" fail="1" skip="0">REGRESSION</stat>
<stat pass="0" fail="1" skip="0">SMOKE</stat>
</tag>
<suite>
<stat name="RobotFramework" id="s1" pass="1" fail="2" skip="0">RobotFramework</stat>
<stat name="Tests" id="s1-s1" pass="1" fail="2" skip="0">RobotFramework.Tests</stat>
<stat name="testDemo6" id="s1-s1-s1" pass="1" fail="2" skip="0">RobotFramework.Tests.testDemo6</stat>
</suite>
</statistics>
<errors>
</errors>
</robot>
